<?xml version="1.0" encoding="UTF-8"?>
<testsuite name="io.wisoft.smarthumanlifevue.MemberRepositoryTest" tests="0" skipped="0" failures="0" errors="0" timestamp="1970-01-01T00:00:00" hostname="sangminBookPro2.localdomain" time="0.0">
  <properties/>
  <system-out><![CDATA[2020-11-02 23:54:16.850  INFO 24450 --- [    Test worker] .b.t.c.SpringBootTestContextBootstrapper : Neither @ContextConfiguration nor @ContextHierarchy found for test class [io.wisoft.smarthumanlifevue.MemberRepositoryTest], using SpringBootContextLoader
2020-11-02 23:54:16.850  INFO 24450 --- [    Test worker] o.s.t.c.support.AbstractContextLoader    : Could not detect default resource locations for test class [io.wisoft.smarthumanlifevue.MemberRepositoryTest]: no resource found for suffixes {-context.xml, Context.groovy}.
2020-11-02 23:54:16.850  INFO 24450 --- [    Test worker] t.c.s.AnnotationConfigContextLoaderUtils : Could not detect default configuration classes for test class [io.wisoft.smarthumanlifevue.MemberRepositoryTest]: MemberRepositoryTest does not declare any static, non-private, non-final, nested classes annotated with @Configuration.
2020-11-02 23:54:16.851  INFO 24450 --- [    Test worker] .b.t.c.SpringBootTestContextBootstrapper : Found @SpringBootConfiguration io.wisoft.smarthumanlifevue.SmartHumanLifeVueApplication for test class io.wisoft.smarthumanlifevue.MemberRepositoryTest
2020-11-02 23:54:16.853  INFO 24450 --- [    Test worker] .b.t.c.SpringBootTestContextBootstrapper : Loaded default TestExecutionListener class names from location [META-INF/spring.factories]: [org.springframework.boot.test.autoconfigure.restdocs.RestDocsTestExecutionListener, org.springframework.boot.test.autoconfigure.web.client.MockRestServiceServerResetTestExecutionListener, org.springframework.boot.test.autoconfigure.web.servlet.MockMvcPrintOnlyOnFailureTestExecutionListener, org.springframework.boot.test.autoconfigure.web.servlet.WebDriverTestExecutionListener, org.springframework.boot.test.autoconfigure.webservices.client.MockWebServiceServerTestExecutionListener, org.springframework.boot.test.mock.mockito.MockitoTestExecutionListener, org.springframework.boot.test.mock.mockito.ResetMocksTestExecutionListener, org.springframework.test.context.web.ServletTestExecutionListener, org.springframework.test.context.support.DirtiesContextBeforeModesTestExecutionListener, org.springframework.test.context.support.DependencyInjectionTestExecutionListener, org.springframework.test.context.support.DirtiesContextTestExecutionListener, org.springframework.test.context.transaction.TransactionalTestExecutionListener, org.springframework.test.context.jdbc.SqlScriptsTestExecutionListener, org.springframework.test.context.event.EventPublishingTestExecutionListener]
2020-11-02 23:54:16.853  INFO 24450 --- [    Test worker] .b.t.c.SpringBootTestContextBootstrapper : Using TestExecutionListeners: [org.springframework.test.context.web.ServletTestExecutionListener@2b09642a, org.springframework.test.context.support.DirtiesContextBeforeModesTestExecutionListener@105cb89d, org.springframework.boot.test.mock.mockito.MockitoTestExecutionListener@5e359a89, org.springframework.boot.test.autoconfigure.SpringBootDependencyInjectionTestExecutionListener@488b71f4, org.springframework.test.context.support.DirtiesContextTestExecutionListener@284374fb, org.springframework.test.context.transaction.TransactionalTestExecutionListener@5d2eb93e, org.springframework.test.context.jdbc.SqlScriptsTestExecutionListener@2f3d91c0, org.springframework.test.context.event.EventPublishingTestExecutionListener@3caa4102, org.springframework.boot.test.autoconfigure.restdocs.RestDocsTestExecutionListener@f7d1ec0, org.springframework.boot.test.autoconfigure.web.client.MockRestServiceServerResetTestExecutionListener@2732a158, org.springframework.boot.test.autoconfigure.web.servlet.MockMvcPrintOnlyOnFailureTestExecutionListener@644287ef, org.springframework.boot.test.autoconfigure.web.servlet.WebDriverTestExecutionListener@a0e6834, org.springframework.boot.test.autoconfigure.webservices.client.MockWebServiceServerTestExecutionListener@6de2fcab, org.springframework.boot.test.mock.mockito.ResetMocksTestExecutionListener@5f68a82e]
]]></system-out>
  <system-err><![CDATA[]]></system-err>
</testsuite>
